<?xml version="1.0" encoding="UTF-8"?>
<testsuite xmlns:xsi="http://www.w3.org/2001/XMLSchema-instance" xsi:noNamespaceSchemaLocation="https://maven.apache.org/surefire/maven-surefire-plugin/xsd/surefire-test-report-3.0.xsd" version="3.0" name="com.cedarsoftware.util.io.PrettyPrintTest" time="0.712" tests="1" errors="0" skipped="0" failures="0">
  <properties>
    <property name="awt.toolkit" value="sun.awt.X11.XToolkit"/>
    <property name="java.specification.version" value="11"/>
    <property name="nondexStart" value="0"/>
    <property name="sun.cpu.isalist" value=""/>
    <property name="sun.jnu.encoding" value="UTF-8"/>
    <property name="java.class.path" value="/home/qiuhang2/mp1/json-io/target/test-classes:/home/qiuhang2/mp1/json-io/target/classes:/home/qiuhang2/.m2/repository/com/fasterxml/jackson/core/jackson-databind/2.15.3/jackson-databind-2.15.3.jar:/home/qiuhang2/.m2/repository/org/projectlombok/lombok/1.18.30/lombok-1.18.30.jar:/home/qiuhang2/.m2/repository/org/junit/jupiter/junit-jupiter-engine/5.10.1/junit-jupiter-engine-5.10.1.jar:/home/qiuhang2/.m2/repository/org/junit/platform/junit-platform-engine/1.10.1/junit-platform-engine-1.10.1.jar:/home/qiuhang2/.m2/repository/org/opentest4j/opentest4j/1.3.0/opentest4j-1.3.0.jar:/home/qiuhang2/.m2/repository/org/junit/platform/junit-platform-commons/1.10.1/junit-platform-commons-1.10.1.jar:/home/qiuhang2/.m2/repository/org/junit/jupiter/junit-jupiter-api/5.10.1/junit-jupiter-api-5.10.1.jar:/home/qiuhang2/.m2/repository/org/apiguardian/apiguardian-api/1.1.2/apiguardian-api-1.1.2.jar:/home/qiuhang2/.m2/repository/org/junit/jupiter/junit-jupiter-params/5.10.1/junit-jupiter-params-5.10.1.jar:/home/qiuhang2/.m2/repository/com/cedarsoftware/java-util/2.4.0/java-util-2.4.0.jar:/home/qiuhang2/.m2/repository/com/google/code/gson/gson/2.10.1/gson-2.10.1.jar:/home/qiuhang2/.m2/repository/org/assertj/assertj-core/3.24.2/assertj-core-3.24.2.jar:/home/qiuhang2/.m2/repository/net/bytebuddy/byte-buddy/1.12.21/byte-buddy-1.12.21.jar:/home/qiuhang2/.m2/repository/com/fasterxml/jackson/core/jackson-core/2.15.3/jackson-core-2.15.3.jar:/home/qiuhang2/.m2/repository/com/fasterxml/jackson/core/jackson-annotations/2.15.3/jackson-annotations-2.15.3.jar:/home/qiuhang2/.m2/repository/org/slf4j/slf4j-api/2.0.9/slf4j-api-2.0.9.jar:/home/qiuhang2/.m2/repository/ch/qos/logback/logback-classic/1.3.11/logback-classic-1.3.11.jar:/home/qiuhang2/.m2/repository/ch/qos/logback/logback-core/1.3.11/logback-core-1.3.11.jar:"/>
    <property name="java.vm.vendor" value="Ubuntu"/>
    <property name="nondexPrintstack" value="false"/>
    <property name="sun.arch.data.model" value="64"/>
    <property name="java.vendor.url" value="https://ubuntu.com/"/>
    <property name="user.timezone" value="America/Chicago"/>
    <property name="os.name" value="Linux"/>
    <property name="java.vm.specification.version" value="11"/>
    <property name="sun.java.launcher" value="SUN_STANDARD"/>
    <property name="user.country" value="US"/>
    <property name="sun.boot.library.path" value="/usr/lib/jvm/java-11-openjdk-amd64/lib"/>
    <property name="sun.java.command" value="/home/qiuhang2/mp1/json-io/target/surefire/surefirebooter-20240905124920388_9.jar /home/qiuhang2/mp1/json-io/target/surefire 2024-09-05T12-49-20_272-jvmRun1 surefire-20240905124920388_7tmp surefire_2-20240905124920388_8tmp"/>
    <property name="nondexLogging" value="CONFIG"/>
    <property name="jdk.debug" value="release"/>
    <property name="surefire.test.class.path" value="/home/qiuhang2/mp1/json-io/target/test-classes:/home/qiuhang2/mp1/json-io/target/classes:/home/qiuhang2/.m2/repository/com/fasterxml/jackson/core/jackson-databind/2.15.3/jackson-databind-2.15.3.jar:/home/qiuhang2/.m2/repository/org/projectlombok/lombok/1.18.30/lombok-1.18.30.jar:/home/qiuhang2/.m2/repository/org/junit/jupiter/junit-jupiter-engine/5.10.1/junit-jupiter-engine-5.10.1.jar:/home/qiuhang2/.m2/repository/org/junit/platform/junit-platform-engine/1.10.1/junit-platform-engine-1.10.1.jar:/home/qiuhang2/.m2/repository/org/opentest4j/opentest4j/1.3.0/opentest4j-1.3.0.jar:/home/qiuhang2/.m2/repository/org/junit/platform/junit-platform-commons/1.10.1/junit-platform-commons-1.10.1.jar:/home/qiuhang2/.m2/repository/org/junit/jupiter/junit-jupiter-api/5.10.1/junit-jupiter-api-5.10.1.jar:/home/qiuhang2/.m2/repository/org/apiguardian/apiguardian-api/1.1.2/apiguardian-api-1.1.2.jar:/home/qiuhang2/.m2/repository/org/junit/jupiter/junit-jupiter-params/5.10.1/junit-jupiter-params-5.10.1.jar:/home/qiuhang2/.m2/repository/com/cedarsoftware/java-util/2.4.0/java-util-2.4.0.jar:/home/qiuhang2/.m2/repository/com/google/code/gson/gson/2.10.1/gson-2.10.1.jar:/home/qiuhang2/.m2/repository/org/assertj/assertj-core/3.24.2/assertj-core-3.24.2.jar:/home/qiuhang2/.m2/repository/net/bytebuddy/byte-buddy/1.12.21/byte-buddy-1.12.21.jar:/home/qiuhang2/.m2/repository/com/fasterxml/jackson/core/jackson-core/2.15.3/jackson-core-2.15.3.jar:/home/qiuhang2/.m2/repository/com/fasterxml/jackson/core/jackson-annotations/2.15.3/jackson-annotations-2.15.3.jar:/home/qiuhang2/.m2/repository/org/slf4j/slf4j-api/2.0.9/slf4j-api-2.0.9.jar:/home/qiuhang2/.m2/repository/ch/qos/logback/logback-classic/1.3.11/logback-classic-1.3.11.jar:/home/qiuhang2/.m2/repository/ch/qos/logback/logback-core/1.3.11/logback-core-1.3.11.jar:"/>
    <property name="test" value="com.cedarsoftware.util.io.PrettyPrintTest#testPrettyPrint"/>
    <property name="sun.cpu.endian" value="little"/>
    <property name="nondexExecid" value="Lshwn2zsP70JB9HFcYfZ+usgisJBn2nJayxcb8eyzw="/>
    <property name="user.home" value="/home/qiuhang2"/>
    <property name="user.language" value="en"/>
    <property name="java.specification.vendor" value="Oracle Corporation"/>
    <property name="java.version.date" value="2024-07-16"/>
    <property name="java.home" value="/usr/lib/jvm/java-11-openjdk-amd64"/>
    <property name="basedir" value="/home/qiuhang2/mp1/json-io"/>
    <property name="file.separator" value="/"/>
    <property name="java.vm.compressedOopsMode" value="32-bit"/>
    <property name="line.separator" value="&#10;"/>
    <property name="nondexEnd" value="9223372036854775807"/>
    <property name="java.specification.name" value="Java Platform API Specification"/>
    <property name="java.vm.specification.vendor" value="Oracle Corporation"/>
    <property name="java.awt.graphicsenv" value="sun.awt.X11GraphicsEnvironment"/>
    <property name="nondexFilter" value=".*"/>
    <property name="nondexSeed" value="974622"/>
    <property name="surefire.real.class.path" value="/home/qiuhang2/mp1/json-io/target/surefire/surefirebooter-20240905124920388_9.jar"/>
    <property name="sun.management.compiler" value="HotSpot 64-Bit Tiered Compilers"/>
    <property name="java.runtime.version" value="11.0.24+8-post-Ubuntu-1ubuntu322.04"/>
    <property name="user.name" value="qiuhang2"/>
    <property name="path.separator" value=":"/>
    <property name="os.version" value="5.15.0-119-generic"/>
    <property name="java.runtime.name" value="OpenJDK Runtime Environment"/>
    <property name="file.encoding" value="UTF-8"/>
    <property name="java.vm.name" value="OpenJDK 64-Bit Server VM"/>
    <property name="localRepository" value="/home/qiuhang2/.m2/repository"/>
    <property name="nondexDir" value="/home/qiuhang2/mp1/json-io/.nondex"/>
    <property name="java.vendor.url.bug" value="https://bugs.launchpad.net/ubuntu/+source/openjdk-lts"/>
    <property name="nondexJarDir" value="/home/qiuhang2/mp1/json-io/.nondex"/>
    <property name="java.io.tmpdir" value="/tmp"/>
    <property name="java.version" value="11.0.24"/>
    <property name="user.dir" value="/home/qiuhang2/mp1/json-io"/>
    <property name="os.arch" value="amd64"/>
    <property name="nondexMode" value="FULL"/>
    <property name="java.vm.specification.name" value="Java Virtual Machine Specification"/>
    <property name="java.awt.printerjob" value="sun.print.PSPrinterJob"/>
    <property name="sun.os.patch.level" value="unknown"/>
    <property name="java.library.path" value="/usr/java/packages/lib:/usr/lib/x86_64-linux-gnu/jni:/lib/x86_64-linux-gnu:/usr/lib/x86_64-linux-gnu:/usr/lib/jni:/lib:/usr/lib"/>
    <property name="java.vendor" value="Ubuntu"/>
    <property name="java.vm.info" value="mixed mode"/>
    <property name="java.vm.version" value="11.0.24+8-post-Ubuntu-1ubuntu322.04"/>
    <property name="java.specification.maintenance.version" value="2"/>
    <property name="sun.io.unicode.encoding" value="UnicodeLittle"/>
    <property name="java.class.version" value="55.0"/>
  </properties>
  <testcase name="testPrettyPrint" classname="com.cedarsoftware.util.io.PrettyPrintTest" time="0.686"/>
</testsuite>